# JRE version: Java(TM) SE Runtime Environment (8.0_66-b18) (build 1.8.0_66-b18)
# Java VM: Java HotSpot(TM) 64-Bit Server VM (25.66-b18 mixed mode windows-amd64 compressed oops)
Heap:
 PSYoungGen      total 150528K, used 92894K [0x00000000d5e00000, 0x00000000e3c00000, 0x0000000100000000)
  eden space 129536K, 55% used [0x00000000d5e00000,0x00000000da43aeb8,0x00000000ddc80000)
  from space 20992K, 99% used [0x00000000ddc80000,0x00000000df0fc998,0x00000000df100000)
  to   space 15360K, 0% used [0x00000000df100000,0x00000000df100000,0x00000000e0000000)
 ParOldGen       total 69120K, used 38959K [0x0000000081a00000, 0x0000000085d80000, 0x00000000d5e00000)
  object space 69120K, 56% used [0x0000000081a00000,0x000000008400bfb0,0x0000000085d80000)
 Metaspace       used 22383K, capacity 22924K, committed 23040K, reserved 1069056K
  class space    used 2588K, capacity 2731K, committed 2816K, reserved 1048576K
GC Heap History (10 events):
Event: 7.723 GC heap before
{Heap before GC invocations=8 (full 1):
 PSYoungGen      total 76288K, used 7367K [0x00000000d5e00000, 0x00000000df300000, 0x0000000100000000)
  eden space 66560K, 0% used [0x00000000d5e00000,0x00000000d5e00000,0x00000000d9f00000)
  from space 9728K, 75% used [0x00000000d9f00000,0x00000000da631f20,0x00000000da880000)
  to   space 9728K, 0% used [0x00000000de980000,0x00000000de980000,0x00000000df300000)
 ParOldGen       total 87552K, used 11525K [0x0000000081a00000, 0x0000000086f80000, 0x00000000d5e00000)
  object space 87552K, 13% used [0x0000000081a00000,0x0000000082541658,0x0000000086f80000)
 Metaspace       used 20730K, capacity 21184K, committed 21248K, reserved 1069056K
  class space    used 2403K, capacity 2536K, committed 2560K, reserved 1048576K
Event: 7.861 GC heap after
Heap after GC invocations=8 (full 1):
 PSYoungGen      total 76288K, used 0K [0x00000000d5e00000, 0x00000000df300000, 0x0000000100000000)
  eden space 66560K, 0% used [0x00000000d5e00000,0x00000000d5e00000,0x00000000d9f00000)
  from space 9728K, 0% used [0x00000000d9f00000,0x00000000d9f00000,0x00000000da880000)
  to   space 9728K, 0% used [0x00000000de980000,0x00000000de980000,0x00000000df300000)
 ParOldGen       total 69120K, used 13162K [0x0000000081a00000, 0x0000000085d80000, 0x00000000d5e00000)
  object space 69120K, 19% used [0x0000000081a00000,0x00000000826da910,0x0000000085d80000)
 Metaspace       used 20730K, capacity 21184K, committed 21248K, reserved 1069056K
  class space    used 2403K, capacity 2536K, committed 2560K, reserved 1048576K
}
Event: 9.446 GC heap before
{Heap before GC invocations=9 (full 1):
 PSYoungGen      total 76288K, used 66560K [0x00000000d5e00000, 0x00000000df300000, 0x0000000100000000)
  eden space 66560K, 100% used [0x00000000d5e00000,0x00000000d9f00000,0x00000000d9f00000)
  from space 9728K, 0% used [0x00000000d9f00000,0x00000000d9f00000,0x00000000da880000)
  to   space 9728K, 0% used [0x00000000de980000,0x00000000de980000,0x00000000df300000)
 ParOldGen       total 69120K, used 13162K [0x0000000081a00000, 0x0000000085d80000, 0x00000000d5e00000)
  object space 69120K, 19% used [0x0000000081a00000,0x00000000826da910,0x0000000085d80000)
 Metaspace       used 22337K, capacity 22828K, committed 23040K, reserved 1069056K
  class space    used 2583K, capacity 2699K, committed 2816K, reserved 1048576K
Event: 9.460 GC heap after
Heap after GC invocations=9 (full 1):
 PSYoungGen      total 104448K, used 9718K [0x00000000d5e00000, 0x00000000df300000, 0x0000000100000000)
  eden space 94720K, 0% used [0x00000000d5e00000,0x00000000d5e00000,0x00000000dba80000)
  from space 9728K, 99% used [0x00000000de980000,0x00000000df2fd8a8,0x00000000df300000)
  to   space 11264K, 0% used [0x00000000ddd00000,0x00000000ddd00000,0x00000000de800000)
 ParOldGen       total 69120K, used 15208K [0x0000000081a00000, 0x0000000085d80000, 0x00000000d5e00000)
  object space 69120K, 22% used [0x0000000081a00000,0x00000000828da068,0x0000000085d80000)
 Metaspace       used 22337K, capacity 22828K, committed 23040K, reserved 1069056K
  class space    used 2583K, capacity 2699K, committed 2816K, reserved 1048576K
}
Event: 10.225 GC heap before
{Heap before GC invocations=10 (full 1):
 PSYoungGen      total 104448K, used 104438K [0x00000000d5e00000, 0x00000000df300000, 0x0000000100000000)
  eden space 94720K, 100% used [0x00000000d5e00000,0x00000000dba80000,0x00000000dba80000)
  from space 9728K, 99% used [0x00000000de980000,0x00000000df2fd8a8,0x00000000df300000)
  to   space 11264K, 0% used [0x00000000ddd00000,0x00000000ddd00000,0x00000000de800000)
 ParOldGen       total 69120K, used 15208K [0x0000000081a00000, 0x0000000085d80000, 0x00000000d5e00000)
  object space 69120K, 22% used [0x0000000081a00000,0x00000000828da068,0x0000000085d80000)
 Metaspace       used 22351K, capacity 22828K, committed 23040K, reserved 1069056K
  class space    used 2583K, capacity 2699K, committed 2816K, reserved 1048576K
Event: 10.340 GC heap after
Heap after GC invocations=10 (full 1):
 PSYoungGen      total 141312K, used 11243K [0x00000000d5e00000, 0x00000000e0000000, 0x0000000100000000)
  eden space 130048K, 0% used [0x00000000d5e00000,0x00000000d5e00000,0x00000000ddd00000)
  from space 11264K, 99% used [0x00000000ddd00000,0x00000000de7fade8,0x00000000de800000)
  to   space 15360K, 0% used [0x00000000df100000,0x00000000df100000,0x00000000e0000000)
 ParOldGen       total 69120K, used 22960K [0x0000000081a00000, 0x0000000085d80000, 0x00000000d5e00000)
  object space 69120K, 33% used [0x0000000081a00000,0x000000008306c1e8,0x0000000085d80000)
 Metaspace       used 22351K, capacity 22828K, committed 23040K, reserved 1069056K
  class space    used 2583K, capacity 2699K, committed 2816K, reserved 1048576K
}
Event: 12.073 GC heap before
{Heap before GC invocations=11 (full 1):
 PSYoungGen      total 141312K, used 141291K [0x00000000d5e00000, 0x00000000e0000000, 0x0000000100000000)
  eden space 130048K, 100% used [0x00000000d5e00000,0x00000000ddd00000,0x00000000ddd00000)
  from space 11264K, 99% used [0x00000000ddd00000,0x00000000de7fade8,0x00000000de800000)
  to   space 15360K, 0% used [0x00000000df100000,0x00000000df100000,0x00000000e0000000)
 ParOldGen       total 69120K, used 22960K [0x0000000081a00000, 0x0000000085d80000, 0x00000000d5e00000)
  object space 69120K, 33% used [0x0000000081a00000,0x000000008306c1e8,0x0000000085d80000)
 Metaspace       used 22354K, capacity 22828K, committed 23040K, reserved 1069056K
  class space    used 2583K, capacity 2699K, committed 2816K, reserved 1048576K
Event: 12.147 GC heap after
Heap after GC invocations=11 (full 1):
 PSYoungGen      total 144896K, used 15333K [0x00000000d5e00000, 0x00000000e3c00000, 0x0000000100000000)
  eden space 129536K, 0% used [0x00000000d5e00000,0x00000000d5e00000,0x00000000ddc80000)
  from space 15360K, 99% used [0x00000000df100000,0x00000000dfff96a8,0x00000000e0000000)
  to   space 20992K, 0% used [0x00000000ddc80000,0x00000000ddc80000,0x00000000df100000)
 ParOldGen       total 69120K, used 33290K [0x0000000081a00000, 0x0000000085d80000, 0x00000000d5e00000)
  object space 69120K, 48% used [0x0000000081a00000,0x0000000083a829b0,0x0000000085d80000)
 Metaspace       used 22354K, capacity 22828K, committed 23040K, reserved 1069056K
  class space    used 2583K, capacity 2699K, committed 2816K, reserved 1048576K
}
Event: 13.604 GC heap before
{Heap before GC invocations=12 (full 1):
 PSYoungGen      total 144896K, used 144869K [0x00000000d5e00000, 0x00000000e3c00000, 0x0000000100000000)
  eden space 129536K, 100% used [0x00000000d5e00000,0x00000000ddc80000,0x00000000ddc80000)
  from space 15360K, 99% used [0x00000000df100000,0x00000000dfff96a8,0x00000000e0000000)
  to   space 20992K, 0% used [0x00000000ddc80000,0x00000000ddc80000,0x00000000df100000)
 ParOldGen       total 69120K, used 33290K [0x0000000081a00000, 0x0000000085d80000, 0x00000000d5e00000)
  object space 69120K, 48% used [0x0000000081a00000,0x0000000083a829b0,0x0000000085d80000)
 Metaspace       used 22372K, capacity 22924K, committed 23040K, reserved 1069056K
  class space    used 2585K, capacity 2731K, committed 2816K, reserved 1048576K
Event: 13.653 GC heap after
Heap after GC invocations=12 (full 1):
 PSYoungGen      total 150528K, used 20978K [0x00000000d5e00000, 0x00000000e3c00000, 0x0000000100000000)
  eden space 129536K, 0% used [0x00000000d5e00000,0x00000000d5e00000,0x00000000ddc80000)
  from space 20992K, 99% used [0x00000000ddc80000,0x00000000df0fc998,0x00000000df100000)
  to   space 15360K, 0% used [0x00000000df100000,0x00000000df100000,0x00000000e0000000)
 ParOldGen       total 69120K, used 38959K [0x0000000081a00000, 0x0000000085d80000, 0x00000000d5e00000)
  object space 69120K, 56% used [0x0000000081a00000,0x000000008400bfb0,0x0000000085d80000)
 Metaspace       used 22372K, capacity 22924K, committed 23040K, reserved 1069056K
  class space    used 2585K, capacity 2731K, committed 2816K, reserved 1048576K
}

