# JRE version: Java(TM) SE Runtime Environment (8.0_66-b18) (build 1.8.0_66-b18)
# Java VM: Java HotSpot(TM) 64-Bit Server VM (25.66-b18 mixed mode windows-amd64 compressed oops)
Heap:
 PSYoungGen      total 361984K, used 205768K [0x00000000d5e00000, 0x00000000f5100000, 0x0000000100000000)
  eden space 331776K, 62% used [0x00000000d5e00000,0x00000000e26f2128,0x00000000ea200000)
  from space 30208K, 0% used [0x00000000ecb80000,0x00000000ecb80000,0x00000000ee900000)
  to   space 42496K, 0% used [0x00000000ea200000,0x00000000ea200000,0x00000000ecb80000)
 ParOldGen       total 65536K, used 56611K [0x0000000081a00000, 0x0000000085a00000, 0x00000000d5e00000)
  object space 65536K, 86% used [0x0000000081a00000,0x0000000085148f48,0x0000000085a00000)
 Metaspace       used 36282K, capacity 36878K, committed 37248K, reserved 1081344K
  class space    used 4270K, capacity 4451K, committed 4480K, reserved 1048576K
GC Heap History (10 events):
Event: 8.119 GC heap before
{Heap before GC invocations=6 (full 1):
 PSYoungGen      total 138240K, used 5088K [0x00000000d5e00000, 0x00000000e7a00000, 0x0000000100000000)
  eden space 133120K, 0% used [0x00000000d5e00000,0x00000000d5e00000,0x00000000de000000)
  from space 5120K, 99% used [0x00000000de000000,0x00000000de4f8020,0x00000000de500000)
  to   space 12288K, 0% used [0x00000000e6e00000,0x00000000e6e00000,0x00000000e7a00000)
 ParOldGen       total 87552K, used 15329K [0x0000000081a00000, 0x0000000086f80000, 0x00000000d5e00000)
  object space 87552K, 17% used [0x0000000081a00000,0x00000000828f8618,0x0000000086f80000)
 Metaspace       used 20691K, capacity 21120K, committed 21248K, reserved 1069056K
  class space    used 2405K, capacity 2536K, committed 2560K, reserved 1048576K
Event: 8.210 GC heap after
Heap after GC invocations=6 (full 1):
 PSYoungGen      total 138240K, used 0K [0x00000000d5e00000, 0x00000000e7a00000, 0x0000000100000000)
  eden space 133120K, 0% used [0x00000000d5e00000,0x00000000d5e00000,0x00000000de000000)
  from space 5120K, 0% used [0x00000000de000000,0x00000000de000000,0x00000000de500000)
  to   space 12288K, 0% used [0x00000000e6e00000,0x00000000e6e00000,0x00000000e7a00000)
 ParOldGen       total 65536K, used 13203K [0x0000000081a00000, 0x0000000085a00000, 0x00000000d5e00000)
  object space 65536K, 20% used [0x0000000081a00000,0x00000000826e4f30,0x0000000085a00000)
 Metaspace       used 20691K, capacity 21120K, committed 21248K, reserved 1069056K
  class space    used 2405K, capacity 2536K, committed 2560K, reserved 1048576K
}
Event: 14.087 GC heap before
{Heap before GC invocations=7 (full 1):
 PSYoungGen      total 138240K, used 133120K [0x00000000d5e00000, 0x00000000e7a00000, 0x0000000100000000)
  eden space 133120K, 100% used [0x00000000d5e00000,0x00000000de000000,0x00000000de000000)
  from space 5120K, 0% used [0x00000000de000000,0x00000000de000000,0x00000000de500000)
  to   space 12288K, 0% used [0x00000000e6e00000,0x00000000e6e00000,0x00000000e7a00000)
 ParOldGen       total 65536K, used 13203K [0x0000000081a00000, 0x0000000085a00000, 0x00000000d5e00000)
  object space 65536K, 20% used [0x0000000081a00000,0x00000000826e4f30,0x0000000085a00000)
 Metaspace       used 22313K, capacity 22732K, committed 23040K, reserved 1069056K
  class space    used 2587K, capacity 2731K, committed 2816K, reserved 1048576K
Event: 14.120 GC heap after
Heap after GC invocations=7 (full 1):
 PSYoungGen      total 224256K, used 12283K [0x00000000d5e00000, 0x00000000e7a00000, 0x0000000100000000)
  eden space 211968K, 0% used [0x00000000d5e00000,0x00000000d5e00000,0x00000000e2d00000)
  from space 12288K, 99% used [0x00000000e6e00000,0x00000000e79fec80,0x00000000e7a00000)
  to   space 18432K, 0% used [0x00000000e5600000,0x00000000e5600000,0x00000000e6800000)
 ParOldGen       total 65536K, used 21111K [0x0000000081a00000, 0x0000000085a00000, 0x00000000d5e00000)
  object space 65536K, 32% used [0x0000000081a00000,0x0000000082e9dc98,0x0000000085a00000)
 Metaspace       used 22313K, capacity 22732K, committed 23040K, reserved 1069056K
  class space    used 2587K, capacity 2731K, committed 2816K, reserved 1048576K
}
Event: 16.226 GC heap before
{Heap before GC invocations=8 (full 1):
 PSYoungGen      total 224256K, used 224251K [0x00000000d5e00000, 0x00000000e7a00000, 0x0000000100000000)
  eden space 211968K, 100% used [0x00000000d5e00000,0x00000000e2d00000,0x00000000e2d00000)
  from space 12288K, 99% used [0x00000000e6e00000,0x00000000e79fec80,0x00000000e7a00000)
  to   space 18432K, 0% used [0x00000000e5600000,0x00000000e5600000,0x00000000e6800000)
 ParOldGen       total 65536K, used 21111K [0x0000000081a00000, 0x0000000085a00000, 0x00000000d5e00000)
  object space 65536K, 32% used [0x0000000081a00000,0x0000000082e9dc98,0x0000000085a00000)
 Metaspace       used 22317K, capacity 22732K, committed 23040K, reserved 1069056K
  class space    used 2587K, capacity 2731K, committed 2816K, reserved 1048576K
Event: 16.280 GC heap after
Heap after GC invocations=8 (full 1):
 PSYoungGen      total 272384K, used 18429K [0x00000000d5e00000, 0x00000000ee900000, 0x0000000100000000)
  eden space 253952K, 0% used [0x00000000d5e00000,0x00000000d5e00000,0x00000000e5600000)
  from space 18432K, 99% used [0x00000000e5600000,0x00000000e67ff788,0x00000000e6800000)
  to   space 30208K, 0% used [0x00000000ecb80000,0x00000000ecb80000,0x00000000ee900000)
 ParOldGen       total 65536K, used 37954K [0x0000000081a00000, 0x0000000085a00000, 0x00000000d5e00000)
  object space 65536K, 57% used [0x0000000081a00000,0x0000000083f10ad8,0x0000000085a00000)
 Metaspace       used 22317K, capacity 22732K, committed 23040K, reserved 1069056K
  class space    used 2587K, capacity 2731K, committed 2816K, reserved 1048576K
}
Event: 17.861 GC heap before
{Heap before GC invocations=9 (full 1):
 PSYoungGen      total 272384K, used 272381K [0x00000000d5e00000, 0x00000000ee900000, 0x0000000100000000)
  eden space 253952K, 100% used [0x00000000d5e00000,0x00000000e5600000,0x00000000e5600000)
  from space 18432K, 99% used [0x00000000e5600000,0x00000000e67ff788,0x00000000e6800000)
  to   space 30208K, 0% used [0x00000000ecb80000,0x00000000ecb80000,0x00000000ee900000)
 ParOldGen       total 65536K, used 37954K [0x0000000081a00000, 0x0000000085a00000, 0x00000000d5e00000)
  object space 65536K, 57% used [0x0000000081a00000,0x0000000083f10ad8,0x0000000085a00000)
 Metaspace       used 22347K, capacity 22810K, committed 23040K, reserved 1069056K
  class space    used 2591K, capacity 2733K, committed 2816K, reserved 1048576K
Event: 17.924 GC heap after
Heap after GC invocations=9 (full 1):
 PSYoungGen      total 361984K, used 30178K [0x00000000d5e00000, 0x00000000f5100000, 0x0000000100000000)
  eden space 331776K, 0% used [0x00000000d5e00000,0x00000000d5e00000,0x00000000ea200000)
  from space 30208K, 99% used [0x00000000ecb80000,0x00000000ee8f8900,0x00000000ee900000)
  to   space 42496K, 0% used [0x00000000ea200000,0x00000000ea200000,0x00000000ecb80000)
 ParOldGen       total 65536K, used 54554K [0x0000000081a00000, 0x0000000085a00000, 0x00000000d5e00000)
  object space 65536K, 83% used [0x0000000081a00000,0x0000000084f468e0,0x0000000085a00000)
 Metaspace       used 22347K, capacity 22810K, committed 23040K, reserved 1069056K
  class space    used 2591K, capacity 2733K, committed 2816K, reserved 1048576K
}
Event: 17.924 GC heap before
{Heap before GC invocations=10 (full 2):
 PSYoungGen      total 361984K, used 30178K [0x00000000d5e00000, 0x00000000f5100000, 0x0000000100000000)
  eden space 331776K, 0% used [0x00000000d5e00000,0x00000000d5e00000,0x00000000ea200000)
  from space 30208K, 99% used [0x00000000ecb80000,0x00000000ee8f8900,0x00000000ee900000)
  to   space 42496K, 0% used [0x00000000ea200000,0x00000000ea200000,0x00000000ecb80000)
 ParOldGen       total 65536K, used 54554K [0x0000000081a00000, 0x0000000085a00000, 0x00000000d5e00000)
  object space 65536K, 83% used [0x0000000081a00000,0x0000000084f468e0,0x0000000085a00000)
 Metaspace       used 22347K, capacity 22810K, committed 23040K, reserved 1069056K
  class space    used 2591K, capacity 2733K, committed 2816K, reserved 1048576K
Event: 18.157 GC heap after
Heap after GC invocations=10 (full 2):
 PSYoungGen      total 361984K, used 0K [0x00000000d5e00000, 0x00000000f5100000, 0x0000000100000000)
  eden space 331776K, 0% used [0x00000000d5e00000,0x00000000d5e00000,0x00000000ea200000)
  from space 30208K, 0% used [0x00000000ecb80000,0x00000000ecb80000,0x00000000ee900000)
  to   space 42496K, 0% used [0x00000000ea200000,0x00000000ea200000,0x00000000ecb80000)
 ParOldGen       total 65536K, used 56611K [0x0000000081a00000, 0x0000000085a00000, 0x00000000d5e00000)
  object space 65536K, 86% used [0x0000000081a00000,0x0000000085148f48,0x0000000085a00000)
 Metaspace       used 22347K, capacity 22810K, committed 23040K, reserved 1069056K
  class space    used 2591K, capacity 2733K, committed 2816K, reserved 1048576K
}

