# JRE version: Java(TM) SE Runtime Environment (8.0_66-b18) (build 1.8.0_66-b18)
# Java VM: Java HotSpot(TM) 64-Bit Server VM (25.66-b18 mixed mode windows-amd64 compressed oops)
Heap:
 PSYoungGen      total 144384K, used 123271K [0x00000000d5e00000, 0x00000000e3580000, 0x0000000100000000)
  eden space 133120K, 84% used [0x00000000d5e00000,0x00000000dcb637f0,0x00000000de000000)
  from space 11264K, 99% used [0x00000000de000000,0x00000000deafe4e0,0x00000000deb00000)
  to   space 17408K, 0% used [0x00000000e2480000,0x00000000e2480000,0x00000000e3580000)
 ParOldGen       total 74752K, used 49650K [0x0000000081a00000, 0x0000000086300000, 0x00000000d5e00000)
  object space 74752K, 66% used [0x0000000081a00000,0x0000000084a7c918,0x0000000086300000)
 Metaspace       used 22353K, capacity 22806K, committed 23040K, reserved 1069056K
  class space    used 2588K, capacity 2733K, committed 2816K, reserved 1048576K
GC Heap History (10 events):
Event: 7.437 GC heap before
{Heap before GC invocations=6 (full 0):
 PSYoungGen      total 71680K, used 26267K [0x00000000d5e00000, 0x00000000df600000, 0x0000000100000000)
  eden space 66560K, 31% used [0x00000000d5e00000,0x00000000d72ace28,0x00000000d9f00000)
  from space 5120K, 99% used [0x00000000d9f00000,0x00000000da3fa040,0x00000000da400000)
  to   space 11264K, 0% used [0x00000000deb00000,0x00000000deb00000,0x00000000df600000)
 ParOldGen       total 87552K, used 12158K [0x0000000081a00000, 0x0000000086f80000, 0x00000000d5e00000)
  object space 87552K, 13% used [0x0000000081a00000,0x00000000825df958,0x0000000086f80000)
 Metaspace       used 20709K, capacity 21120K, committed 21248K, reserved 1069056K
  class space    used 2405K, capacity 2536K, committed 2560K, reserved 1048576K
Event: 7.461 GC heap after
Heap after GC invocations=6 (full 0):
 PSYoungGen      total 144384K, used 8423K [0x00000000d5e00000, 0x00000000df600000, 0x0000000100000000)
  eden space 133120K, 0% used [0x00000000d5e00000,0x00000000d5e00000,0x00000000de000000)
  from space 11264K, 74% used [0x00000000deb00000,0x00000000df339fe8,0x00000000df600000)
  to   space 11264K, 0% used [0x00000000de000000,0x00000000de000000,0x00000000deb00000)
 ParOldGen       total 87552K, used 12230K [0x0000000081a00000, 0x0000000086f80000, 0x00000000d5e00000)
  object space 87552K, 13% used [0x0000000081a00000,0x00000000825f1968,0x0000000086f80000)
 Metaspace       used 20709K, capacity 21120K, committed 21248K, reserved 1069056K
  class space    used 2405K, capacity 2536K, committed 2560K, reserved 1048576K
}
Event: 7.461 GC heap before
{Heap before GC invocations=7 (full 1):
 PSYoungGen      total 144384K, used 8423K [0x00000000d5e00000, 0x00000000df600000, 0x0000000100000000)
  eden space 133120K, 0% used [0x00000000d5e00000,0x00000000d5e00000,0x00000000de000000)
  from space 11264K, 74% used [0x00000000deb00000,0x00000000df339fe8,0x00000000df600000)
  to   space 11264K, 0% used [0x00000000de000000,0x00000000de000000,0x00000000deb00000)
 ParOldGen       total 87552K, used 12230K [0x0000000081a00000, 0x0000000086f80000, 0x00000000d5e00000)
  object space 87552K, 13% used [0x0000000081a00000,0x00000000825f1968,0x0000000086f80000)
 Metaspace       used 20709K, capacity 21120K, committed 21248K, reserved 1069056K
  class space    used 2405K, capacity 2536K, committed 2560K, reserved 1048576K
Event: 7.624 GC heap after
Heap after GC invocations=7 (full 1):
 PSYoungGen      total 144384K, used 0K [0x00000000d5e00000, 0x00000000df600000, 0x0000000100000000)
  eden space 133120K, 0% used [0x00000000d5e00000,0x00000000d5e00000,0x00000000de000000)
  from space 11264K, 0% used [0x00000000deb00000,0x00000000deb00000,0x00000000df600000)
  to   space 11264K, 0% used [0x00000000de000000,0x00000000de000000,0x00000000deb00000)
 ParOldGen       total 74752K, used 16079K [0x0000000081a00000, 0x0000000086300000, 0x00000000d5e00000)
  object space 74752K, 21% used [0x0000000081a00000,0x00000000829b3e10,0x0000000086300000)
 Metaspace       used 20709K, capacity 21120K, committed 21248K, reserved 1069056K
  class space    used 2405K, capacity 2536K, committed 2560K, reserved 1048576K
}
Event: 9.640 GC heap before
{Heap before GC invocations=8 (full 1):
 PSYoungGen      total 144384K, used 133120K [0x00000000d5e00000, 0x00000000df600000, 0x0000000100000000)
  eden space 133120K, 100% used [0x00000000d5e00000,0x00000000de000000,0x00000000de000000)
  from space 11264K, 0% used [0x00000000deb00000,0x00000000deb00000,0x00000000df600000)
  to   space 11264K, 0% used [0x00000000de000000,0x00000000de000000,0x00000000deb00000)
 ParOldGen       total 74752K, used 16079K [0x0000000081a00000, 0x0000000086300000, 0x00000000d5e00000)
  object space 74752K, 21% used [0x0000000081a00000,0x00000000829b3e10,0x0000000086300000)
 Metaspace       used 22337K, capacity 22710K, committed 23040K, reserved 1069056K
  class space    used 2586K, capacity 2701K, committed 2816K, reserved 1048576K
Event: 9.661 GC heap after
Heap after GC invocations=8 (full 1):
 PSYoungGen      total 144384K, used 11238K [0x00000000d5e00000, 0x00000000e3580000, 0x0000000100000000)
  eden space 133120K, 0% used [0x00000000d5e00000,0x00000000d5e00000,0x00000000de000000)
  from space 11264K, 99% used [0x00000000de000000,0x00000000deaf9848,0x00000000deb00000)
  to   space 17408K, 0% used [0x00000000e2480000,0x00000000e2480000,0x00000000e3580000)
 ParOldGen       total 74752K, used 24971K [0x0000000081a00000, 0x0000000086300000, 0x00000000d5e00000)
  object space 74752K, 33% used [0x0000000081a00000,0x0000000083262ec8,0x0000000086300000)
 Metaspace       used 22337K, capacity 22710K, committed 23040K, reserved 1069056K
  class space    used 2586K, capacity 2701K, committed 2816K, reserved 1048576K
}
Event: 11.187 GC heap before
{Heap before GC invocations=9 (full 1):
 PSYoungGen      total 144384K, used 144358K [0x00000000d5e00000, 0x00000000e3580000, 0x0000000100000000)
  eden space 133120K, 100% used [0x00000000d5e00000,0x00000000de000000,0x00000000de000000)
  from space 11264K, 99% used [0x00000000de000000,0x00000000deaf9848,0x00000000deb00000)
  to   space 17408K, 0% used [0x00000000e2480000,0x00000000e2480000,0x00000000e3580000)
 ParOldGen       total 74752K, used 24971K [0x0000000081a00000, 0x0000000086300000, 0x00000000d5e00000)
  object space 74752K, 33% used [0x0000000081a00000,0x0000000083262ec8,0x0000000086300000)
 Metaspace       used 22340K, capacity 22774K, committed 23040K, reserved 1069056K
  class space    used 2586K, capacity 2701K, committed 2816K, reserved 1048576K
Event: 11.368 GC heap after
Heap after GC invocations=9 (full 1):
 PSYoungGen      total 150528K, used 17392K [0x00000000d5e00000, 0x00000000e3580000, 0x0000000100000000)
  eden space 133120K, 0% used [0x00000000d5e00000,0x00000000d5e00000,0x00000000de000000)
  from space 17408K, 99% used [0x00000000e2480000,0x00000000e357c270,0x00000000e3580000)
  to   space 11264K, 0% used [0x00000000de000000,0x00000000de000000,0x00000000deb00000)
 ParOldGen       total 74752K, used 32506K [0x0000000081a00000, 0x0000000086300000, 0x00000000d5e00000)
  object space 74752K, 43% used [0x0000000081a00000,0x00000000839be970,0x0000000086300000)
 Metaspace       used 22340K, capacity 22774K, committed 23040K, reserved 1069056K
  class space    used 2586K, capacity 2701K, committed 2816K, reserved 1048576K
}
Event: 12.418 GC heap before
{Heap before GC invocations=10 (full 1):
 PSYoungGen      total 150528K, used 150512K [0x00000000d5e00000, 0x00000000e3580000, 0x0000000100000000)
  eden space 133120K, 100% used [0x00000000d5e00000,0x00000000de000000,0x00000000de000000)
  from space 17408K, 99% used [0x00000000e2480000,0x00000000e357c270,0x00000000e3580000)
  to   space 11264K, 0% used [0x00000000de000000,0x00000000de000000,0x00000000deb00000)
 ParOldGen       total 74752K, used 32506K [0x0000000081a00000, 0x0000000086300000, 0x00000000d5e00000)
  object space 74752K, 43% used [0x0000000081a00000,0x00000000839be970,0x0000000086300000)
 Metaspace       used 22353K, capacity 22806K, committed 23040K, reserved 1069056K
  class space    used 2588K, capacity 2733K, committed 2816K, reserved 1048576K
Event: 12.455 GC heap after
Heap after GC invocations=10 (full 1):
 PSYoungGen      total 144384K, used 11257K [0x00000000d5e00000, 0x00000000e3580000, 0x0000000100000000)
  eden space 133120K, 0% used [0x00000000d5e00000,0x00000000d5e00000,0x00000000de000000)
  from space 11264K, 99% used [0x00000000de000000,0x00000000deafe4e0,0x00000000deb00000)
  to   space 17408K, 0% used [0x00000000e2480000,0x00000000e2480000,0x00000000e3580000)
 ParOldGen       total 74752K, used 49650K [0x0000000081a00000, 0x0000000086300000, 0x00000000d5e00000)
  object space 74752K, 66% used [0x0000000081a00000,0x0000000084a7c918,0x0000000086300000)
 Metaspace       used 22353K, capacity 22806K, committed 23040K, reserved 1069056K
  class space    used 2588K, capacity 2733K, committed 2816K, reserved 1048576K
}

