# JRE version: Java(TM) SE Runtime Environment (8.0_66-b18) (build 1.8.0_66-b18)
# Java VM: Java HotSpot(TM) 64-Bit Server VM (25.66-b18 mixed mode windows-amd64 compressed oops)
Heap:
 PSYoungGen      total 144384K, used 47165K [0x00000000d5e00000, 0x00000000e4f00000, 0x0000000100000000)
  eden space 133120K, 26% used [0x00000000d5e00000,0x00000000d8114830,0x00000000de000000)
  from space 11264K, 99% used [0x00000000de000000,0x00000000deafad50,0x00000000deb00000)
  to   space 16896K, 0% used [0x00000000e3e80000,0x00000000e3e80000,0x00000000e4f00000)
 ParOldGen       total 66048K, used 21716K [0x0000000081a00000, 0x0000000085a80000, 0x00000000d5e00000)
  object space 66048K, 32% used [0x0000000081a00000,0x0000000082f351b8,0x0000000085a80000)
 Metaspace       used 22304K, capacity 22700K, committed 23040K, reserved 1069056K
  class space    used 2583K, capacity 2699K, committed 2816K, reserved 1048576K
GC Heap History (10 events):
Event: 3.907 GC heap before
{Heap before GC invocations=4 (full 0):
 PSYoungGen      total 38400K, used 38376K [0x00000000d5e00000, 0x00000000da900000, 0x0000000100000000)
  eden space 33280K, 100% used [0x00000000d5e00000,0x00000000d7e80000,0x00000000d7e80000)
  from space 5120K, 99% used [0x00000000d7e80000,0x00000000d837a040,0x00000000d8380000)
  to   space 5120K, 0% used [0x00000000da400000,0x00000000da400000,0x00000000da900000)
 ParOldGen       total 87552K, used 4566K [0x0000000081a00000, 0x0000000086f80000, 0x00000000d5e00000)
  object space 87552K, 5% used [0x0000000081a00000,0x0000000081e75980,0x0000000086f80000)
 Metaspace       used 14156K, capacity 14448K, committed 14592K, reserved 1062912K
  class space    used 1684K, capacity 1778K, committed 1792K, reserved 1048576K
Event: 3.953 GC heap after
Heap after GC invocations=4 (full 0):
 PSYoungGen      total 71680K, used 5112K [0x00000000d5e00000, 0x00000000da900000, 0x0000000100000000)
  eden space 66560K, 0% used [0x00000000d5e00000,0x00000000d5e00000,0x00000000d9f00000)
  from space 5120K, 99% used [0x00000000da400000,0x00000000da8fe030,0x00000000da900000)
  to   space 5120K, 0% used [0x00000000d9f00000,0x00000000d9f00000,0x00000000da400000)
 ParOldGen       total 87552K, used 7103K [0x0000000081a00000, 0x0000000086f80000, 0x00000000d5e00000)
  object space 87552K, 8% used [0x0000000081a00000,0x00000000820efde0,0x0000000086f80000)
 Metaspace       used 14156K, capacity 14448K, committed 14592K, reserved 1062912K
  class space    used 1684K, capacity 1778K, committed 1792K, reserved 1048576K
}
Event: 5.752 GC heap before
{Heap before GC invocations=5 (full 0):
 PSYoungGen      total 71680K, used 71672K [0x00000000d5e00000, 0x00000000da900000, 0x0000000100000000)
  eden space 66560K, 100% used [0x00000000d5e00000,0x00000000d9f00000,0x00000000d9f00000)
  from space 5120K, 99% used [0x00000000da400000,0x00000000da8fe030,0x00000000da900000)
  to   space 5120K, 0% used [0x00000000d9f00000,0x00000000d9f00000,0x00000000da400000)
 ParOldGen       total 87552K, used 7103K [0x0000000081a00000, 0x0000000086f80000, 0x00000000d5e00000)
  object space 87552K, 8% used [0x0000000081a00000,0x00000000820efde0,0x0000000086f80000)
 Metaspace       used 16616K, capacity 17032K, committed 17280K, reserved 1064960K
  class space    used 1951K, capacity 2068K, committed 2176K, reserved 1048576K
Event: 5.777 GC heap after
Heap after GC invocations=5 (full 0):
 PSYoungGen      total 71680K, used 5112K [0x00000000d5e00000, 0x00000000df700000, 0x0000000100000000)
  eden space 66560K, 0% used [0x00000000d5e00000,0x00000000d5e00000,0x00000000d9f00000)
  from space 5120K, 99% used [0x00000000d9f00000,0x00000000da3fe010,0x00000000da400000)
  to   space 11776K, 0% used [0x00000000deb80000,0x00000000deb80000,0x00000000df700000)
 ParOldGen       total 87552K, used 12546K [0x0000000081a00000, 0x0000000086f80000, 0x00000000d5e00000)
  object space 87552K, 14% used [0x0000000081a00000,0x0000000082640ab0,0x0000000086f80000)
 Metaspace       used 16616K, capacity 17032K, committed 17280K, reserved 1064960K
  class space    used 1951K, capacity 2068K, committed 2176K, reserved 1048576K
}
Event: 6.695 GC heap before
{Heap before GC invocations=6 (full 0):
 PSYoungGen      total 71680K, used 25174K [0x00000000d5e00000, 0x00000000df700000, 0x0000000100000000)
  eden space 66560K, 30% used [0x00000000d5e00000,0x00000000d7197a68,0x00000000d9f00000)
  from space 5120K, 99% used [0x00000000d9f00000,0x00000000da3fe010,0x00000000da400000)
  to   space 11776K, 0% used [0x00000000deb80000,0x00000000deb80000,0x00000000df700000)
 ParOldGen       total 87552K, used 12546K [0x0000000081a00000, 0x0000000086f80000, 0x00000000d5e00000)
  object space 87552K, 14% used [0x0000000081a00000,0x0000000082640ab0,0x0000000086f80000)
 Metaspace       used 20694K, capacity 21120K, committed 21248K, reserved 1069056K
  class space    used 2405K, capacity 2536K, committed 2560K, reserved 1048576K
Event: 6.717 GC heap after
Heap after GC invocations=6 (full 0):
 PSYoungGen      total 143872K, used 8351K [0x00000000d5e00000, 0x00000000df600000, 0x0000000100000000)
  eden space 133120K, 0% used [0x00000000d5e00000,0x00000000d5e00000,0x00000000de000000)
  from space 10752K, 77% used [0x00000000deb80000,0x00000000df3a7f40,0x00000000df600000)
  to   space 11264K, 0% used [0x00000000de000000,0x00000000de000000,0x00000000deb00000)
 ParOldGen       total 87552K, used 12554K [0x0000000081a00000, 0x0000000086f80000, 0x00000000d5e00000)
  object space 87552K, 14% used [0x0000000081a00000,0x0000000082642ab0,0x0000000086f80000)
 Metaspace       used 20694K, capacity 21120K, committed 21248K, reserved 1069056K
  class space    used 2405K, capacity 2536K, committed 2560K, reserved 1048576K
}
Event: 6.717 GC heap before
{Heap before GC invocations=7 (full 1):
 PSYoungGen      total 143872K, used 8351K [0x00000000d5e00000, 0x00000000df600000, 0x0000000100000000)
  eden space 133120K, 0% used [0x00000000d5e00000,0x00000000d5e00000,0x00000000de000000)
  from space 10752K, 77% used [0x00000000deb80000,0x00000000df3a7f40,0x00000000df600000)
  to   space 11264K, 0% used [0x00000000de000000,0x00000000de000000,0x00000000deb00000)
 ParOldGen       total 87552K, used 12554K [0x0000000081a00000, 0x0000000086f80000, 0x00000000d5e00000)
  object space 87552K, 14% used [0x0000000081a00000,0x0000000082642ab0,0x0000000086f80000)
 Metaspace       used 20694K, capacity 21120K, committed 21248K, reserved 1069056K
  class space    used 2405K, capacity 2536K, committed 2560K, reserved 1048576K
Event: 6.795 GC heap after
Heap after GC invocations=7 (full 1):
 PSYoungGen      total 143872K, used 0K [0x00000000d5e00000, 0x00000000df600000, 0x0000000100000000)
  eden space 133120K, 0% used [0x00000000d5e00000,0x00000000d5e00000,0x00000000de000000)
  from space 10752K, 0% used [0x00000000deb80000,0x00000000deb80000,0x00000000df600000)
  to   space 11264K, 0% used [0x00000000de000000,0x00000000de000000,0x00000000deb00000)
 ParOldGen       total 66048K, used 13171K [0x0000000081a00000, 0x0000000085a80000, 0x00000000d5e00000)
  object space 66048K, 19% used [0x0000000081a00000,0x00000000826dcc08,0x0000000085a80000)
 Metaspace       used 20694K, capacity 21120K, committed 21248K, reserved 1069056K
  class space    used 2405K, capacity 2536K, committed 2560K, reserved 1048576K
}
Event: 8.303 GC heap before
{Heap before GC invocations=8 (full 1):
 PSYoungGen      total 143872K, used 133120K [0x00000000d5e00000, 0x00000000df600000, 0x0000000100000000)
  eden space 133120K, 100% used [0x00000000d5e00000,0x00000000de000000,0x00000000de000000)
  from space 10752K, 0% used [0x00000000deb80000,0x00000000deb80000,0x00000000df600000)
  to   space 11264K, 0% used [0x00000000de000000,0x00000000de000000,0x00000000deb00000)
 ParOldGen       total 66048K, used 13171K [0x0000000081a00000, 0x0000000085a80000, 0x00000000d5e00000)
  object space 66048K, 19% used [0x0000000081a00000,0x00000000826dcc08,0x0000000085a80000)
 Metaspace       used 22302K, capacity 22700K, committed 23040K, reserved 1069056K
  class space    used 2583K, capacity 2699K, committed 2816K, reserved 1048576K
Event: 8.326 GC heap after
Heap after GC invocations=8 (full 1):
 PSYoungGen      total 144384K, used 11243K [0x00000000d5e00000, 0x00000000e4f00000, 0x0000000100000000)
  eden space 133120K, 0% used [0x00000000d5e00000,0x00000000d5e00000,0x00000000de000000)
  from space 11264K, 99% used [0x00000000de000000,0x00000000deafad50,0x00000000deb00000)
  to   space 16896K, 0% used [0x00000000e3e80000,0x00000000e3e80000,0x00000000e4f00000)
 ParOldGen       total 66048K, used 21716K [0x0000000081a00000, 0x0000000085a80000, 0x00000000d5e00000)
  object space 66048K, 32% used [0x0000000081a00000,0x0000000082f351b8,0x0000000085a80000)
 Metaspace       used 22302K, capacity 22700K, committed 23040K, reserved 1069056K
  class space    used 2583K, capacity 2699K, committed 2816K, reserved 1048576K
}

