# JRE version: Java(TM) SE Runtime Environment (8.0_66-b18) (build 1.8.0_66-b18)
# Java VM: Java HotSpot(TM) 64-Bit Server VM (25.66-b18 mixed mode windows-amd64 compressed oops)
Heap:
 PSYoungGen      total 162816K, used 8778K [0x00000000d5e00000, 0x00000000e3700000, 0x0000000100000000)
  eden space 141824K, 0% used [0x00000000d5e00000,0x00000000d5e00000,0x00000000de880000)
  from space 20992K, 41% used [0x00000000de880000,0x00000000df112a00,0x00000000dfd00000)
  to   space 20480K, 0% used [0x00000000e2300000,0x00000000e2300000,0x00000000e3700000)
 ParOldGen       total 63488K, used 39081K [0x0000000081a00000, 0x0000000085800000, 0x00000000d5e00000)
  object space 63488K, 61% used [0x0000000081a00000,0x000000008402a4c8,0x0000000085800000)
 Metaspace       used 22366K, capacity 22864K, committed 23040K, reserved 1069056K
  class space    used 2590K, capacity 2731K, committed 2816K, reserved 1048576K
GC Heap History (10 events):
Event: 7.500 GC heap after
Heap after GC invocations=7 (full 0):
 PSYoungGen      total 75776K, used 6993K [0x00000000d5e00000, 0x00000000df100000, 0x0000000100000000)
  eden space 66048K, 0% used [0x00000000d5e00000,0x00000000d5e00000,0x00000000d9e80000)
  from space 9728K, 71% used [0x00000000d9e80000,0x00000000da554418,0x00000000da800000)
  to   space 9216K, 0% used [0x00000000de800000,0x00000000de800000,0x00000000df100000)
 ParOldGen       total 87552K, used 12010K [0x0000000081a00000, 0x0000000086f80000, 0x00000000d5e00000)
  object space 87552K, 13% used [0x0000000081a00000,0x00000000825ba860,0x0000000086f80000)
 Metaspace       used 20716K, capacity 21184K, committed 21248K, reserved 1069056K
  class space    used 2405K, capacity 2536K, committed 2560K, reserved 1048576K
}
Event: 7.500 GC heap before
{Heap before GC invocations=8 (full 1):
 PSYoungGen      total 75776K, used 6993K [0x00000000d5e00000, 0x00000000df100000, 0x0000000100000000)
  eden space 66048K, 0% used [0x00000000d5e00000,0x00000000d5e00000,0x00000000d9e80000)
  from space 9728K, 71% used [0x00000000d9e80000,0x00000000da554418,0x00000000da800000)
  to   space 9216K, 0% used [0x00000000de800000,0x00000000de800000,0x00000000df100000)
 ParOldGen       total 87552K, used 12010K [0x0000000081a00000, 0x0000000086f80000, 0x00000000d5e00000)
  object space 87552K, 13% used [0x0000000081a00000,0x00000000825ba860,0x0000000086f80000)
 Metaspace       used 20716K, capacity 21184K, committed 21248K, reserved 1069056K
  class space    used 2405K, capacity 2536K, committed 2560K, reserved 1048576K
Event: 7.581 GC heap after
Heap after GC invocations=8 (full 1):
 PSYoungGen      total 75776K, used 0K [0x00000000d5e00000, 0x00000000df100000, 0x0000000100000000)
  eden space 66048K, 0% used [0x00000000d5e00000,0x00000000d5e00000,0x00000000d9e80000)
  from space 9728K, 0% used [0x00000000d9e80000,0x00000000d9e80000,0x00000000da800000)
  to   space 9216K, 0% used [0x00000000de800000,0x00000000de800000,0x00000000df100000)
 ParOldGen       total 63488K, used 13036K [0x0000000081a00000, 0x0000000085800000, 0x00000000d5e00000)
  object space 63488K, 20% used [0x0000000081a00000,0x00000000826bb330,0x0000000085800000)
 Metaspace       used 20716K, capacity 21184K, committed 21248K, reserved 1069056K
  class space    used 2405K, capacity 2536K, committed 2560K, reserved 1048576K
}
Event: 9.480 GC heap before
{Heap before GC invocations=9 (full 1):
 PSYoungGen      total 75776K, used 66048K [0x00000000d5e00000, 0x00000000df100000, 0x0000000100000000)
  eden space 66048K, 100% used [0x00000000d5e00000,0x00000000d9e80000,0x00000000d9e80000)
  from space 9728K, 0% used [0x00000000d9e80000,0x00000000d9e80000,0x00000000da800000)
  to   space 9216K, 0% used [0x00000000de800000,0x00000000de800000,0x00000000df100000)
 ParOldGen       total 63488K, used 13036K [0x0000000081a00000, 0x0000000085800000, 0x00000000d5e00000)
  object space 63488K, 20% used [0x0000000081a00000,0x00000000826bb330,0x0000000085800000)
 Metaspace       used 22328K, capacity 22796K, committed 23040K, reserved 1069056K
  class space    used 2587K, capacity 2731K, committed 2816K, reserved 1048576K
Event: 9.497 GC heap after
Heap after GC invocations=9 (full 1):
 PSYoungGen      total 114176K, used 9192K [0x00000000d5e00000, 0x00000000df100000, 0x0000000100000000)
  eden space 104960K, 0% used [0x00000000d5e00000,0x00000000d5e00000,0x00000000dc480000)
  from space 9216K, 99% used [0x00000000de800000,0x00000000df0fa170,0x00000000df100000)
  to   space 11264K, 0% used [0x00000000ddb00000,0x00000000ddb00000,0x00000000de600000)
 ParOldGen       total 63488K, used 15630K [0x0000000081a00000, 0x0000000085800000, 0x00000000d5e00000)
  object space 63488K, 24% used [0x0000000081a00000,0x00000000829439d8,0x0000000085800000)
 Metaspace       used 22328K, capacity 22796K, committed 23040K, reserved 1069056K
  class space    used 2587K, capacity 2731K, committed 2816K, reserved 1048576K
}
Event: 10.214 GC heap before
{Heap before GC invocations=10 (full 1):
 PSYoungGen      total 114176K, used 114152K [0x00000000d5e00000, 0x00000000df100000, 0x0000000100000000)
  eden space 104960K, 100% used [0x00000000d5e00000,0x00000000dc480000,0x00000000dc480000)
  from space 9216K, 99% used [0x00000000de800000,0x00000000df0fa170,0x00000000df100000)
  to   space 11264K, 0% used [0x00000000ddb00000,0x00000000ddb00000,0x00000000de600000)
 ParOldGen       total 63488K, used 15630K [0x0000000081a00000, 0x0000000085800000, 0x00000000d5e00000)
  object space 63488K, 24% used [0x0000000081a00000,0x00000000829439d8,0x0000000085800000)
 Metaspace       used 22343K, capacity 22860K, committed 23040K, reserved 1069056K
  class space    used 2587K, capacity 2731K, committed 2816K, reserved 1048576K
Event: 10.243 GC heap after
Heap after GC invocations=10 (full 1):
 PSYoungGen      total 139264K, used 11240K [0x00000000d5e00000, 0x00000000e0c80000, 0x0000000100000000)
  eden space 128000K, 0% used [0x00000000d5e00000,0x00000000d5e00000,0x00000000ddb00000)
  from space 11264K, 99% used [0x00000000ddb00000,0x00000000de5fa1b8,0x00000000de600000)
  to   space 15872K, 0% used [0x00000000dfd00000,0x00000000dfd00000,0x00000000e0c80000)
 ParOldGen       total 63488K, used 24225K [0x0000000081a00000, 0x0000000085800000, 0x00000000d5e00000)
  object space 63488K, 38% used [0x0000000081a00000,0x00000000831a8540,0x0000000085800000)
 Metaspace       used 22343K, capacity 22860K, committed 23040K, reserved 1069056K
  class space    used 2587K, capacity 2731K, committed 2816K, reserved 1048576K
}
Event: 11.486 GC heap before
{Heap before GC invocations=11 (full 1):
 PSYoungGen      total 139264K, used 139240K [0x00000000d5e00000, 0x00000000e0c80000, 0x0000000100000000)
  eden space 128000K, 100% used [0x00000000d5e00000,0x00000000ddb00000,0x00000000ddb00000)
  from space 11264K, 99% used [0x00000000ddb00000,0x00000000de5fa1b8,0x00000000de600000)
  to   space 15872K, 0% used [0x00000000dfd00000,0x00000000dfd00000,0x00000000e0c80000)
 ParOldGen       total 63488K, used 24225K [0x0000000081a00000, 0x0000000085800000, 0x00000000d5e00000)
  object space 63488K, 38% used [0x0000000081a00000,0x00000000831a8540,0x0000000085800000)
 Metaspace       used 22354K, capacity 22864K, committed 23040K, reserved 1069056K
  class space    used 2588K, capacity 2731K, committed 2816K, reserved 1048576K
Event: 11.528 GC heap after
Heap after GC invocations=11 (full 1):
 PSYoungGen      total 157696K, used 15847K [0x00000000d5e00000, 0x00000000e3800000, 0x0000000100000000)
  eden space 141824K, 0% used [0x00000000d5e00000,0x00000000d5e00000,0x00000000de880000)
  from space 15872K, 99% used [0x00000000dfd00000,0x00000000e0c79fa0,0x00000000e0c80000)
  to   space 20992K, 0% used [0x00000000de880000,0x00000000de880000,0x00000000dfd00000)
 ParOldGen       total 63488K, used 33598K [0x0000000081a00000, 0x0000000085800000, 0x00000000d5e00000)
  object space 63488K, 52% used [0x0000000081a00000,0x0000000083acf898,0x0000000085800000)
 Metaspace       used 22354K, capacity 22864K, committed 23040K, reserved 1069056K
  class space    used 2588K, capacity 2731K, committed 2816K, reserved 1048576K
}
Event: 12.135 GC heap before
{Heap before GC invocations=12 (full 1):
 PSYoungGen      total 157696K, used 65942K [0x00000000d5e00000, 0x00000000e3800000, 0x0000000100000000)
  eden space 141824K, 35% used [0x00000000d5e00000,0x00000000d8eeba10,0x00000000de880000)
  from space 15872K, 99% used [0x00000000dfd00000,0x00000000e0c79fa0,0x00000000e0c80000)
  to   space 20992K, 0% used [0x00000000de880000,0x00000000de880000,0x00000000dfd00000)
 ParOldGen       total 63488K, used 33598K [0x0000000081a00000, 0x0000000085800000, 0x00000000d5e00000)
  object space 63488K, 52% used [0x0000000081a00000,0x0000000083acf898,0x0000000085800000)
 Metaspace       used 22366K, capacity 22864K, committed 23040K, reserved 1069056K
  class space    used 2590K, capacity 2731K, committed 2816K, reserved 1048576K

