# JRE version: Java(TM) SE Runtime Environment (8.0_66-b18) (build 1.8.0_66-b18)
# Java VM: Java HotSpot(TM) 64-Bit Server VM (25.66-b18 mixed mode windows-amd64 compressed oops)
Heap:
 PSYoungGen      total 210432K, used 84962K [0x00000000d5e00000, 0x00000000e7a00000, 0x0000000100000000)
  eden space 198144K, 36% used [0x00000000d5e00000,0x00000000da4fdbc8,0x00000000e1f80000)
  from space 12288K, 99% used [0x00000000e6e00000,0x00000000e79faea0,0x00000000e7a00000)
  to   space 17920K, 0% used [0x00000000e5700000,0x00000000e5700000,0x00000000e6880000)
 ParOldGen       total 69632K, used 20073K [0x0000000081a00000, 0x0000000085e00000, 0x00000000d5e00000)
  object space 69632K, 28% used [0x0000000081a00000,0x0000000082d9a530,0x0000000085e00000)
 Metaspace       used 22281K, capacity 22738K, committed 23040K, reserved 1069056K
  class space    used 2587K, capacity 2732K, committed 2816K, reserved 1048576K
GC Heap History (10 events):
Event: 3.240 GC heap before
{Heap before GC invocations=3 (full 0):
 PSYoungGen      total 71680K, used 71674K [0x00000000d5e00000, 0x00000000da900000, 0x0000000100000000)
  eden space 66560K, 100% used [0x00000000d5e00000,0x00000000d9f00000,0x00000000d9f00000)
  from space 5120K, 99% used [0x00000000da400000,0x00000000da8fe980,0x00000000da900000)
  to   space 5120K, 0% used [0x00000000d9f00000,0x00000000d9f00000,0x00000000da400000)
 ParOldGen       total 87552K, used 2395K [0x0000000081a00000, 0x0000000086f80000, 0x00000000d5e00000)
  object space 87552K, 2% used [0x0000000081a00000,0x0000000081c56ee0,0x0000000086f80000)
 Metaspace       used 14143K, capacity 14396K, committed 14592K, reserved 1062912K
  class space    used 1685K, capacity 1780K, committed 1792K, reserved 1048576K
Event: 3.253 GC heap after
Heap after GC invocations=3 (full 0):
 PSYoungGen      total 71680K, used 5096K [0x00000000d5e00000, 0x00000000dea00000, 0x0000000100000000)
  eden space 66560K, 0% used [0x00000000d5e00000,0x00000000d5e00000,0x00000000d9f00000)
  from space 5120K, 99% used [0x00000000d9f00000,0x00000000da3fa060,0x00000000da400000)
  to   space 5120K, 0% used [0x00000000de500000,0x00000000de500000,0x00000000dea00000)
 ParOldGen       total 87552K, used 6655K [0x0000000081a00000, 0x0000000086f80000, 0x00000000d5e00000)
  object space 87552K, 7% used [0x0000000081a00000,0x000000008207fdf8,0x0000000086f80000)
 Metaspace       used 14143K, capacity 14396K, committed 14592K, reserved 1062912K
  class space    used 1685K, capacity 1780K, committed 1792K, reserved 1048576K
}
Event: 5.159 GC heap before
{Heap before GC invocations=4 (full 0):
 PSYoungGen      total 71680K, used 71656K [0x00000000d5e00000, 0x00000000dea00000, 0x0000000100000000)
  eden space 66560K, 100% used [0x00000000d5e00000,0x00000000d9f00000,0x00000000d9f00000)
  from space 5120K, 99% used [0x00000000d9f00000,0x00000000da3fa060,0x00000000da400000)
  to   space 5120K, 0% used [0x00000000de500000,0x00000000de500000,0x00000000dea00000)
 ParOldGen       total 87552K, used 6655K [0x0000000081a00000, 0x0000000086f80000, 0x00000000d5e00000)
  object space 87552K, 7% used [0x0000000081a00000,0x000000008207fdf8,0x0000000086f80000)
 Metaspace       used 16640K, capacity 17038K, committed 17280K, reserved 1064960K
  class space    used 1957K, capacity 2069K, committed 2176K, reserved 1048576K
Event: 5.178 GC heap after
Heap after GC invocations=4 (full 0):
 PSYoungGen      total 138240K, used 5088K [0x00000000d5e00000, 0x00000000dea00000, 0x0000000100000000)
  eden space 133120K, 0% used [0x00000000d5e00000,0x00000000d5e00000,0x00000000de000000)
  from space 5120K, 99% used [0x00000000de500000,0x00000000de9f8020,0x00000000dea00000)
  to   space 5120K, 0% used [0x00000000de000000,0x00000000de000000,0x00000000de500000)
 ParOldGen       total 87552K, used 12272K [0x0000000081a00000, 0x0000000086f80000, 0x00000000d5e00000)
  object space 87552K, 14% used [0x0000000081a00000,0x00000000825fc350,0x0000000086f80000)
 Metaspace       used 16640K, capacity 17038K, committed 17280K, reserved 1064960K
  class space    used 1957K, capacity 2069K, committed 2176K, reserved 1048576K
}
Event: 5.981 GC heap before
{Heap before GC invocations=5 (full 0):
 PSYoungGen      total 138240K, used 26495K [0x00000000d5e00000, 0x00000000dea00000, 0x0000000100000000)
  eden space 133120K, 16% used [0x00000000d5e00000,0x00000000d72e7c10,0x00000000de000000)
  from space 5120K, 99% used [0x00000000de500000,0x00000000de9f8020,0x00000000dea00000)
  to   space 5120K, 0% used [0x00000000de000000,0x00000000de000000,0x00000000de500000)
 ParOldGen       total 87552K, used 12272K [0x0000000081a00000, 0x0000000086f80000, 0x00000000d5e00000)
  object space 87552K, 14% used [0x0000000081a00000,0x00000000825fc350,0x0000000086f80000)
 Metaspace       used 20657K, capacity 21126K, committed 21248K, reserved 1069056K
  class space    used 2406K, capacity 2537K, committed 2560K, reserved 1048576K
Event: 5.995 GC heap after
Heap after GC invocations=5 (full 0):
 PSYoungGen      total 138240K, used 5088K [0x00000000d5e00000, 0x00000000e7a00000, 0x0000000100000000)
  eden space 133120K, 0% used [0x00000000d5e00000,0x00000000d5e00000,0x00000000de000000)
  from space 5120K, 99% used [0x00000000de000000,0x00000000de4f8040,0x00000000de500000)
  to   space 12288K, 0% used [0x00000000e6e00000,0x00000000e6e00000,0x00000000e7a00000)
 ParOldGen       total 87552K, used 15291K [0x0000000081a00000, 0x0000000086f80000, 0x00000000d5e00000)
  object space 87552K, 17% used [0x0000000081a00000,0x00000000828eee30,0x0000000086f80000)
 Metaspace       used 20657K, capacity 21126K, committed 21248K, reserved 1069056K
  class space    used 2406K, capacity 2537K, committed 2560K, reserved 1048576K
}
Event: 5.995 GC heap before
{Heap before GC invocations=6 (full 1):
 PSYoungGen      total 138240K, used 5088K [0x00000000d5e00000, 0x00000000e7a00000, 0x0000000100000000)
  eden space 133120K, 0% used [0x00000000d5e00000,0x00000000d5e00000,0x00000000de000000)
  from space 5120K, 99% used [0x00000000de000000,0x00000000de4f8040,0x00000000de500000)
  to   space 12288K, 0% used [0x00000000e6e00000,0x00000000e6e00000,0x00000000e7a00000)
 ParOldGen       total 87552K, used 15291K [0x0000000081a00000, 0x0000000086f80000, 0x00000000d5e00000)
  object space 87552K, 17% used [0x0000000081a00000,0x00000000828eee30,0x0000000086f80000)
 Metaspace       used 20657K, capacity 21126K, committed 21248K, reserved 1069056K
  class space    used 2406K, capacity 2537K, committed 2560K, reserved 1048576K
Event: 6.073 GC heap after
Heap after GC invocations=6 (full 1):
 PSYoungGen      total 138240K, used 0K [0x00000000d5e00000, 0x00000000e7a00000, 0x0000000100000000)
  eden space 133120K, 0% used [0x00000000d5e00000,0x00000000d5e00000,0x00000000de000000)
  from space 5120K, 0% used [0x00000000de000000,0x00000000de000000,0x00000000de500000)
  to   space 12288K, 0% used [0x00000000e6e00000,0x00000000e6e00000,0x00000000e7a00000)
 ParOldGen       total 69632K, used 12852K [0x0000000081a00000, 0x0000000085e00000, 0x00000000d5e00000)
  object space 69632K, 18% used [0x0000000081a00000,0x000000008268d3b0,0x0000000085e00000)
 Metaspace       used 20657K, capacity 21126K, committed 21248K, reserved 1069056K
  class space    used 2406K, capacity 2537K, committed 2560K, reserved 1048576K
}
Event: 7.648 GC heap before
{Heap before GC invocations=7 (full 1):
 PSYoungGen      total 138240K, used 133120K [0x00000000d5e00000, 0x00000000e7a00000, 0x0000000100000000)
  eden space 133120K, 100% used [0x00000000d5e00000,0x00000000de000000,0x00000000de000000)
  from space 5120K, 0% used [0x00000000de000000,0x00000000de000000,0x00000000de500000)
  to   space 12288K, 0% used [0x00000000e6e00000,0x00000000e6e00000,0x00000000e7a00000)
 ParOldGen       total 69632K, used 12852K [0x0000000081a00000, 0x0000000085e00000, 0x00000000d5e00000)
  object space 69632K, 18% used [0x0000000081a00000,0x000000008268d3b0,0x0000000085e00000)
 Metaspace       used 22277K, capacity 22738K, committed 23040K, reserved 1069056K
  class space    used 2587K, capacity 2732K, committed 2816K, reserved 1048576K
Event: 7.666 GC heap after
Heap after GC invocations=7 (full 1):
 PSYoungGen      total 210432K, used 12267K [0x00000000d5e00000, 0x00000000e7a00000, 0x0000000100000000)
  eden space 198144K, 0% used [0x00000000d5e00000,0x00000000d5e00000,0x00000000e1f80000)
  from space 12288K, 99% used [0x00000000e6e00000,0x00000000e79faea0,0x00000000e7a00000)
  to   space 17920K, 0% used [0x00000000e5700000,0x00000000e5700000,0x00000000e6880000)
 ParOldGen       total 69632K, used 20073K [0x0000000081a00000, 0x0000000085e00000, 0x00000000d5e00000)
  object space 69632K, 28% used [0x0000000081a00000,0x0000000082d9a530,0x0000000085e00000)
 Metaspace       used 22277K, capacity 22738K, committed 23040K, reserved 1069056K
  class space    used 2587K, capacity 2732K, committed 2816K, reserved 1048576K
}

