# JRE version: Java(TM) SE Runtime Environment (8.0_66-b18) (build 1.8.0_66-b18)
# Java VM: Java HotSpot(TM) 64-Bit Server VM (25.66-b18 mixed mode windows-amd64 compressed oops)
Heap:
 PSYoungGen      total 37376K, used 896K [0x00000000d5e00000, 0x00000000d9000000, 0x0000000100000000)
  eden space 31744K, 0% used [0x00000000d5e00000,0x00000000d5e00000,0x00000000d7d00000)
  from space 5632K, 15% used [0x00000000d7d80000,0x00000000d7e60000,0x00000000d8300000)
  to   space 9728K, 0% used [0x00000000d8680000,0x00000000d8680000,0x00000000d9000000)
 ParOldGen       total 61952K, used 13305K [0x0000000081a00000, 0x0000000085680000, 0x00000000d5e00000)
  object space 61952K, 21% used [0x0000000081a00000,0x00000000826fe658,0x0000000085680000)
 Metaspace       used 21692K, capacity 22414K, committed 22576K, reserved 1069056K
  class space    used 2580K, capacity 2846K, committed 2944K, reserved 1048576K
GC Heap History (10 events):
Event: 4.904 GC heap before
{Heap before GC invocations=5 (full 0):
 PSYoungGen      total 38400K, used 38392K [0x00000000d5e00000, 0x00000000d8880000, 0x0000000100000000)
  eden space 33280K, 100% used [0x00000000d5e00000,0x00000000d7e80000,0x00000000d7e80000)
  from space 5120K, 99% used [0x00000000d8380000,0x00000000d887e030,0x00000000d8880000)
  to   space 5120K, 0% used [0x00000000d7e80000,0x00000000d7e80000,0x00000000d8380000)
 ParOldGen       total 87552K, used 6911K [0x0000000081a00000, 0x0000000086f80000, 0x00000000d5e00000)
  object space 87552K, 7% used [0x0000000081a00000,0x00000000820bfd68,0x0000000086f80000)
 Metaspace       used 15278K, capacity 15684K, committed 16000K, reserved 1062912K
  class space    used 1790K, capacity 1892K, committed 1920K, reserved 1048576K
Event: 4.917 GC heap after
Heap after GC invocations=5 (full 0):
 PSYoungGen      total 37888K, used 5112K [0x00000000d5e00000, 0x00000000d9100000, 0x0000000100000000)
  eden space 32768K, 0% used [0x00000000d5e00000,0x00000000d5e00000,0x00000000d7e00000)
  from space 5120K, 99% used [0x00000000d7e80000,0x00000000d837e030,0x00000000d8380000)
  to   space 9728K, 0% used [0x00000000d8780000,0x00000000d8780000,0x00000000d9100000)
 ParOldGen       total 87552K, used 9411K [0x0000000081a00000, 0x0000000086f80000, 0x00000000d5e00000)
  object space 87552K, 10% used [0x0000000081a00000,0x0000000082330c48,0x0000000086f80000)
 Metaspace       used 15278K, capacity 15684K, committed 16000K, reserved 1062912K
  class space    used 1790K, capacity 1892K, committed 1920K, reserved 1048576K
}
Event: 6.014 GC heap before
{Heap before GC invocations=6 (full 0):
 PSYoungGen      total 37888K, used 37880K [0x00000000d5e00000, 0x00000000d9100000, 0x0000000100000000)
  eden space 32768K, 100% used [0x00000000d5e00000,0x00000000d7e00000,0x00000000d7e00000)
  from space 5120K, 99% used [0x00000000d7e80000,0x00000000d837e030,0x00000000d8380000)
  to   space 9728K, 0% used [0x00000000d8780000,0x00000000d8780000,0x00000000d9100000)
 ParOldGen       total 87552K, used 9411K [0x0000000081a00000, 0x0000000086f80000, 0x00000000d5e00000)
  object space 87552K, 10% used [0x0000000081a00000,0x0000000082330c48,0x0000000086f80000)
 Metaspace       used 17424K, capacity 17934K, committed 18176K, reserved 1064960K
  class space    used 2075K, capacity 2232K, committed 2304K, reserved 1048576K
Event: 6.028 GC heap after
Heap after GC invocations=6 (full 0):
 PSYoungGen      total 41472K, used 8225K [0x00000000d5e00000, 0x00000000d9080000, 0x0000000100000000)
  eden space 32256K, 0% used [0x00000000d5e00000,0x00000000d5e00000,0x00000000d7d80000)
  from space 9216K, 89% used [0x00000000d8780000,0x00000000d8f88400,0x00000000d9080000)
  to   space 9728K, 0% used [0x00000000d7d80000,0x00000000d7d80000,0x00000000d8700000)
 ParOldGen       total 87552K, used 9419K [0x0000000081a00000, 0x0000000086f80000, 0x00000000d5e00000)
  object space 87552K, 10% used [0x0000000081a00000,0x0000000082332c48,0x0000000086f80000)
 Metaspace       used 17424K, capacity 17934K, committed 18176K, reserved 1064960K
  class space    used 2075K, capacity 2232K, committed 2304K, reserved 1048576K
}
Event: 12.012 GC heap before
{Heap before GC invocations=7 (full 0):
 PSYoungGen      total 41472K, used 40481K [0x00000000d5e00000, 0x00000000d9080000, 0x0000000100000000)
  eden space 32256K, 100% used [0x00000000d5e00000,0x00000000d7d80000,0x00000000d7d80000)
  from space 9216K, 89% used [0x00000000d8780000,0x00000000d8f88400,0x00000000d9080000)
  to   space 9728K, 0% used [0x00000000d7d80000,0x00000000d7d80000,0x00000000d8700000)
 ParOldGen       total 87552K, used 9419K [0x0000000081a00000, 0x0000000086f80000, 0x00000000d5e00000)
  object space 87552K, 10% used [0x0000000081a00000,0x0000000082332c48,0x0000000086f80000)
 Metaspace       used 18065K, capacity 18566K, committed 18688K, reserved 1064960K
  class space    used 2116K, capacity 2268K, committed 2304K, reserved 1048576K
Event: 12.023 GC heap after
Heap after GC invocations=7 (full 0):
 PSYoungGen      total 37376K, used 5464K [0x00000000d5e00000, 0x00000000d9000000, 0x0000000100000000)
  eden space 31744K, 0% used [0x00000000d5e00000,0x00000000d5e00000,0x00000000d7d00000)
  from space 5632K, 97% used [0x00000000d7d80000,0x00000000d82d6290,0x00000000d8300000)
  to   space 9728K, 0% used [0x00000000d8680000,0x00000000d8680000,0x00000000d9000000)
 ParOldGen       total 87552K, used 11729K [0x0000000081a00000, 0x0000000086f80000, 0x00000000d5e00000)
  object space 87552K, 13% used [0x0000000081a00000,0x00000000825744e8,0x0000000086f80000)
 Metaspace       used 18065K, capacity 18566K, committed 18688K, reserved 1064960K
  class space    used 2116K, capacity 2268K, committed 2304K, reserved 1048576K
}
Event: 12.578 GC heap before
{Heap before GC invocations=8 (full 0):
 PSYoungGen      total 37376K, used 30547K [0x00000000d5e00000, 0x00000000d9000000, 0x0000000100000000)
  eden space 31744K, 79% used [0x00000000d5e00000,0x00000000d767ea30,0x00000000d7d00000)
  from space 5632K, 97% used [0x00000000d7d80000,0x00000000d82d6290,0x00000000d8300000)
  to   space 9728K, 0% used [0x00000000d8680000,0x00000000d8680000,0x00000000d9000000)
 ParOldGen       total 87552K, used 11729K [0x0000000081a00000, 0x0000000086f80000, 0x00000000d5e00000)
  object space 87552K, 13% used [0x0000000081a00000,0x00000000825744e8,0x0000000086f80000)
 Metaspace       used 20562K, capacity 21146K, committed 21296K, reserved 1069056K
  class space    used 2445K, capacity 2642K, committed 2688K, reserved 1048576K
Event: 12.603 GC heap after
Heap after GC invocations=8 (full 0):
 PSYoungGen      total 41472K, used 5273K [0x00000000d5e00000, 0x00000000d9000000, 0x0000000100000000)
  eden space 31744K, 0% used [0x00000000d5e00000,0x00000000d5e00000,0x00000000d7d00000)
  from space 9728K, 54% used [0x00000000d8680000,0x00000000d8ba6788,0x00000000d9000000)
  to   space 5632K, 0% used [0x00000000d7d80000,0x00000000d7d80000,0x00000000d8300000)
 ParOldGen       total 87552K, used 13977K [0x0000000081a00000, 0x0000000086f80000, 0x00000000d5e00000)
  object space 87552K, 15% used [0x0000000081a00000,0x00000000827a64e8,0x0000000086f80000)
 Metaspace       used 20562K, capacity 21146K, committed 21296K, reserved 1069056K
  class space    used 2445K, capacity 2642K, committed 2688K, reserved 1048576K
}
Event: 12.603 GC heap before
{Heap before GC invocations=9 (full 1):
 PSYoungGen      total 41472K, used 5273K [0x00000000d5e00000, 0x00000000d9000000, 0x0000000100000000)
  eden space 31744K, 0% used [0x00000000d5e00000,0x00000000d5e00000,0x00000000d7d00000)
  from space 9728K, 54% used [0x00000000d8680000,0x00000000d8ba6788,0x00000000d9000000)
  to   space 5632K, 0% used [0x00000000d7d80000,0x00000000d7d80000,0x00000000d8300000)
 ParOldGen       total 87552K, used 13977K [0x0000000081a00000, 0x0000000086f80000, 0x00000000d5e00000)
  object space 87552K, 15% used [0x0000000081a00000,0x00000000827a64e8,0x0000000086f80000)
 Metaspace       used 20562K, capacity 21146K, committed 21296K, reserved 1069056K
  class space    used 2445K, capacity 2642K, committed 2688K, reserved 1048576K
Event: 12.707 GC heap after
Heap after GC invocations=9 (full 1):
 PSYoungGen      total 41472K, used 0K [0x00000000d5e00000, 0x00000000d9000000, 0x0000000100000000)
  eden space 31744K, 0% used [0x00000000d5e00000,0x00000000d5e00000,0x00000000d7d00000)
  from space 9728K, 0% used [0x00000000d8680000,0x00000000d8680000,0x00000000d9000000)
  to   space 5632K, 0% used [0x00000000d7d80000,0x00000000d7d80000,0x00000000d8300000)
 ParOldGen       total 61952K, used 13297K [0x0000000081a00000, 0x0000000085680000, 0x00000000d5e00000)
  object space 61952K, 21% used [0x0000000081a00000,0x00000000826fc658,0x0000000085680000)
 Metaspace       used 20562K, capacity 21146K, committed 21296K, reserved 1069056K
  class space    used 2445K, capacity 2642K, committed 2688K, reserved 1048576K
}

